2020-05-20 18:06:34,110 ERROR: ['邮箱地址不符合规则'] [in /Users/admin/PycharmProjects/metisV2.0/metis/DAC/view.py:60]
2020-05-20 18:07:23,986 ERROR: ['两次密码输入不一致'] [in /Users/admin/PycharmProjects/metisV2.0/metis/DAC/view.py:60]
2020-05-21 09:51:33,886 ERROR: ['两次密码输入不一致'] [in /Users/admin/PycharmProjects/metisV2.0/metis/DAC/view.py:60]
2020-05-21 14:17:35,659 ERROR: ['邮箱地址不符合规则'] [in /Users/admin/PycharmProjects/metisV2.0/metis/DAC/view.py:60]
2020-05-25 10:19:11,257 ERROR: ['两次密码输入不一致'] [in /Users/admin/PycharmProjects/metisV2.0/metis/DAC/view.py:60]
2020-05-26 14:40:37,267 ERROR: ['账号或密码错误'] [in /Users/admin/PycharmProjects/metisV2.0/metis/Account/view.py:84]
2020-05-26 14:42:48,241 ERROR: ['账号或密码错误'] [in /Users/admin/PycharmProjects/metisV2.0/metis/Account/view.py:84]
2020-05-26 14:47:09,323 ERROR: ['账号或密码错误'] [in /Users/admin/PycharmProjects/metisV2.0/metis/Account/view.py:84]
2020-05-26 15:50:27,274 ERROR: ['邮箱地址已被注册'] [in /Users/admin/PycharmProjects/metisV2.0/metis/Account/view.py:52]
2020-05-26 15:53:22,832 ERROR: ['账户不存在'] [in /Users/admin/PycharmProjects/metisV2.0/metis/Account/view.py:85]
2020-05-26 15:55:15,949 ERROR: ['账户不存在'] [in /Users/admin/PycharmProjects/metisV2.0/metis/Account/view.py:85]
2020-05-26 17:16:28,300 ERROR: Eth地址用完了，暂停注册 [in /Users/admin/PycharmProjects/metisV2.0/metis/Account/view.py:52]
2020-05-26 17:17:56,044 ERROR: Eth地址不足 [in /Users/admin/PycharmProjects/metisV2.0/metis/Account/view.py:52]
2020-05-26 17:19:19,595 ERROR: Eth地址不足 [in /Users/admin/PycharmProjects/metisV2.0/metis/Account/view.py:52]
2020-05-27 16:22:43,802 ERROR: Could not persistence user info [in /Users/admin/PycharmProjects/metisV2.0/metis/DAC/view.py:89]
2020-05-27 16:25:57,822 ERROR: Could not persistence dac [in /Users/admin/PycharmProjects/metisV2.0/metis/DAC/view.py:89]
2020-05-27 16:26:58,869 ERROR: Could not persistence dac [in /Users/admin/PycharmProjects/metisV2.0/metis/DAC/view.py:89]
2020-05-27 16:27:41,831 ERROR: Could not persistence dac [in /Users/admin/PycharmProjects/metisV2.0/metis/DAC/view.py:89]
2020-05-27 16:30:06,797 ERROR: Could not persistence dac [in /Users/admin/PycharmProjects/metisV2.0/metis/DAC/view.py:89]
2020-05-27 16:30:23,700 ERROR: Could not persistence dac [in /Users/admin/PycharmProjects/metisV2.0/metis/DAC/view.py:89]
2020-05-27 16:31:45,334 ERROR: ['DAC名称已存在'] [in /Users/admin/PycharmProjects/metisV2.0/metis/DAC/view.py:86]
2020-05-27 16:37:46,207 ERROR: ['DAC名称已存在'] [in /Users/admin/PycharmProjects/metisV2.0/metis/DAC/view.py:86]
2020-05-28 10:17:39,361 DEBUG: {'username': 'test2', 'email': '2787331687@qq.com'} [in /Users/admin/PycharmProjects/metisV2.0/metis/DAC/view.py:43]
2020-05-28 10:17:53,513 DEBUG: [{'dac_name': 'test1', 'dac_id': 'MD0000001', 'is_belong': True}] [in /Users/admin/PycharmProjects/metisV2.0/metis/DAC/view.py:43]
2020-05-28 10:18:28,580 DEBUG: ['MD0000001'] [in /Users/admin/PycharmProjects/metisV2.0/metis/DAC/view.py:43]
2020-05-28 10:19:00,222 DEBUG: [] [in /Users/admin/PycharmProjects/metisV2.0/metis/DAC/view.py:43]
2020-05-28 10:19:05,344 DEBUG: [] [in /Users/admin/PycharmProjects/metisV2.0/metis/DAC/view.py:43]
2020-05-28 10:30:13,095 DEBUG: [] [in /Users/admin/PycharmProjects/metisV2.0/metis/DAC/view.py:43]
2020-05-28 10:30:29,934 DEBUG: [] [in /Users/admin/PycharmProjects/metisV2.0/metis/DAC/view.py:43]
2020-05-28 10:31:02,813 DEBUG: [] [in /Users/admin/PycharmProjects/metisV2.0/metis/DAC/view.py:43]
2020-05-28 10:36:25,525 DEBUG: [] [in /Users/admin/PycharmProjects/metisV2.0/metis/DAC/view.py:43]
2020-05-28 10:36:32,393 DEBUG: [] [in /Users/admin/PycharmProjects/metisV2.0/metis/DAC/view.py:43]
2020-05-28 10:36:33,907 DEBUG: [] [in /Users/admin/PycharmProjects/metisV2.0/metis/DAC/view.py:43]
2020-05-28 10:36:35,644 DEBUG: [] [in /Users/admin/PycharmProjects/metisV2.0/metis/DAC/view.py:43]
2020-05-28 10:36:38,441 DEBUG: [] [in /Users/admin/PycharmProjects/metisV2.0/metis/DAC/view.py:43]
2020-05-28 10:41:26,619 DEBUG: [] [in /Users/admin/PycharmProjects/metisV2.0/metis/DAC/view.py:43]
2020-05-28 10:41:32,808 DEBUG: [] [in /Users/admin/PycharmProjects/metisV2.0/metis/DAC/view.py:43]
2020-05-28 10:41:44,022 DEBUG: [] [in /Users/admin/PycharmProjects/metisV2.0/metis/DAC/view.py:43]
2020-05-28 10:42:03,093 DEBUG: ['MD0000001'] [in /Users/admin/PycharmProjects/metisV2.0/metis/DAC/view.py:43]
2020-05-28 10:43:59,568 DEBUG: ['MD0000001'] [in /Users/admin/PycharmProjects/metisV2.0/metis/DAC/view.py:43]
2020-05-28 10:44:01,840 DEBUG: ['MD0000001'] [in /Users/admin/PycharmProjects/metisV2.0/metis/DAC/view.py:43]
2020-05-28 10:44:24,449 DEBUG: ['MD0000001'] [in /Users/admin/PycharmProjects/metisV2.0/metis/DAC/view.py:43]
2020-05-28 10:44:28,738 DEBUG: ['MD0000001'] [in /Users/admin/PycharmProjects/metisV2.0/metis/DAC/view.py:43]
2020-05-28 10:44:36,797 DEBUG: ['MD0000001'] [in /Users/admin/PycharmProjects/metisV2.0/metis/DAC/view.py:43]
2020-05-28 10:44:38,199 DEBUG: ['MD0000001'] [in /Users/admin/PycharmProjects/metisV2.0/metis/DAC/view.py:43]
2020-05-28 10:44:40,632 DEBUG: ['MD0000001'] [in /Users/admin/PycharmProjects/metisV2.0/metis/DAC/view.py:43]
2020-05-28 10:44:53,583 DEBUG: ['MD0000001'] [in /Users/admin/PycharmProjects/metisV2.0/metis/DAC/view.py:43]
2020-05-28 10:44:56,847 DEBUG: ['MD0000001'] [in /Users/admin/PycharmProjects/metisV2.0/metis/DAC/view.py:43]
2020-05-28 10:45:01,519 DEBUG: ['MD0000001'] [in /Users/admin/PycharmProjects/metisV2.0/metis/DAC/view.py:43]
2020-05-28 10:45:29,728 DEBUG: ['MD0000001'] [in /Users/admin/PycharmProjects/metisV2.0/metis/DAC/view.py:43]
2020-05-28 10:45:33,716 DEBUG: ['MD0000001'] [in /Users/admin/PycharmProjects/metisV2.0/metis/DAC/view.py:43]
2020-05-28 10:45:35,711 DEBUG: ['MD0000001'] [in /Users/admin/PycharmProjects/metisV2.0/metis/DAC/view.py:43]
2020-05-28 10:45:47,022 DEBUG: ['MD0000001'] [in /Users/admin/PycharmProjects/metisV2.0/metis/DAC/view.py:43]
2020-05-28 10:46:00,155 DEBUG: [] [in /Users/admin/PycharmProjects/metisV2.0/metis/DAC/view.py:43]
2020-05-28 10:46:09,246 DEBUG: [] [in /Users/admin/PycharmProjects/metisV2.0/metis/DAC/view.py:43]
2020-05-28 10:46:21,842 DEBUG: [] [in /Users/admin/PycharmProjects/metisV2.0/metis/DAC/view.py:43]
2020-05-28 10:46:26,026 DEBUG: [] [in /Users/admin/PycharmProjects/metisV2.0/metis/DAC/view.py:43]
2020-05-28 10:47:09,471 DEBUG: ['MD0000002'] [in /Users/admin/PycharmProjects/metisV2.0/metis/DAC/view.py:43]
2020-05-28 10:47:24,386 DEBUG: ['MD0000002'] [in /Users/admin/PycharmProjects/metisV2.0/metis/DAC/view.py:43]
2020-05-28 10:47:31,891 DEBUG: ['MD0000002'] [in /Users/admin/PycharmProjects/metisV2.0/metis/DAC/view.py:43]
2020-05-28 10:47:36,361 DEBUG: ['MD0000002'] [in /Users/admin/PycharmProjects/metisV2.0/metis/DAC/view.py:43]
2020-05-28 10:47:39,208 DEBUG: ['MD0000002'] [in /Users/admin/PycharmProjects/metisV2.0/metis/DAC/view.py:43]
2020-05-28 10:50:03,571 DEBUG: ['MD0000002'] [in /Users/admin/PycharmProjects/metisV2.0/metis/DAC/view.py:43]
2020-05-28 10:50:09,092 DEBUG: ['MD0000002'] [in /Users/admin/PycharmProjects/metisV2.0/metis/DAC/view.py:43]
2020-05-28 10:56:20,414 DEBUG: ['MD0000002'] [in /Users/admin/PycharmProjects/metisV2.0/metis/DAC/view.py:44]
2020-05-28 10:56:22,299 DEBUG: ['MD0000002'] [in /Users/admin/PycharmProjects/metisV2.0/metis/DAC/view.py:44]
2020-05-28 10:57:17,225 DEBUG: ['MD0000002'] [in /Users/admin/PycharmProjects/metisV2.0/metis/DAC/view.py:44]
2020-05-28 10:57:24,537 DEBUG: ['MD0000002'] [in /Users/admin/PycharmProjects/metisV2.0/metis/DAC/view.py:44]
2020-05-29 11:06:48,056 ERROR: ['DAC名称已存在'] [in /Users/admin/PycharmProjects/metisV2.0/metis/Home/view.py:122]
2020-06-02 11:37:17,805 DEBUG: Success [in /Users/admin/PycharmProjects/metisV2.0/metis/Proposal/view.py:56]
2020-06-02 11:37:17,805 DEBUG: AddProposalInfo(dac_id='MD0000001', work_name='a', work_describe='b', work_expiry=1, work_excitation=1) [in /Users/admin/PycharmProjects/metisV2.0/metis/Proposal/view.py:66]
2020-06-02 11:39:00,145 DEBUG: Success [in /Users/admin/PycharmProjects/metisV2.0/metis/Proposal/view.py:56]
2020-06-02 11:39:00,146 DEBUG: AddProposalInfo(dac_id='MD0000001', work_name='a', work_describe='b', work_expiry=1, work_excitation=1) [in /Users/admin/PycharmProjects/metisV2.0/metis/Proposal/view.py:66]
2020-06-02 11:40:09,013 DEBUG: Success [in /Users/admin/PycharmProjects/metisV2.0/metis/Proposal/view.py:56]
2020-06-02 11:40:09,013 DEBUG: AddProposalInfo(dac_id='MD0000001', work_name='a', work_describe='a', work_expiry=1, work_excitation=1) [in /Users/admin/PycharmProjects/metisV2.0/metis/Proposal/view.py:66]
2020-06-02 11:41:16,399 DEBUG: Success [in /Users/admin/PycharmProjects/metisV2.0/metis/Proposal/view.py:56]
2020-06-02 11:41:16,401 DEBUG: AddProposalInfo(dac_id='MD0000001', work_name='a', work_describe='a', work_expiry=1, work_excitation=1) [in /Users/admin/PycharmProjects/metisV2.0/metis/Proposal/view.py:66]
2020-06-02 11:42:38,507 DEBUG: Success [in /Users/admin/PycharmProjects/metisV2.0/metis/Proposal/view.py:56]
2020-06-02 11:42:38,507 DEBUG: AddProposalInfo(dac_id='MD0000001', work_name='a', work_describe='a', work_expiry=1, work_excitation=-1) [in /Users/admin/PycharmProjects/metisV2.0/metis/Proposal/view.py:66]
2020-06-02 11:44:06,353 DEBUG: Success [in /Users/admin/PycharmProjects/metisV2.0/metis/Proposal/view.py:56]
2020-06-02 11:44:06,353 DEBUG: AddProposalInfo(dac_id='MD0000001', work_name='a', work_describe='a', work_expiry=1, work_excitation=1) [in /Users/admin/PycharmProjects/metisV2.0/metis/Proposal/view.py:66]
2020-06-02 11:55:29,480 DEBUG: Success [in /Users/admin/PycharmProjects/metisV2.0/metis/Proposal/view.py:56]
2020-06-02 11:55:29,480 DEBUG: AddProposalInfo(dac_id='MD0000001', work_name='a', work_describe='b', work_expiry=1, work_excitation=-1) [in /Users/admin/PycharmProjects/metisV2.0/metis/Proposal/view.py:66]
2020-06-02 11:55:29,481 ERROR: Could not persistence work [in /Users/admin/PycharmProjects/metisV2.0/metis/Proposal/view.py:72]
2020-06-02 11:56:15,983 DEBUG: Success [in /Users/admin/PycharmProjects/metisV2.0/metis/Proposal/view.py:56]
2020-06-02 11:56:15,984 DEBUG: AddProposalInfo(dac_id='MD0000001', work_name='a', work_describe='b', work_expiry=1, work_excitation=1) [in /Users/admin/PycharmProjects/metisV2.0/metis/Proposal/view.py:66]
2020-06-02 11:57:25,545 DEBUG: Success [in /Users/admin/PycharmProjects/metisV2.0/metis/Proposal/view.py:56]
2020-06-02 11:57:25,545 DEBUG: AddProposalInfo(dac_id='MD0000001', work_name='a', work_describe='b', work_expiry=1, work_excitation=-1) [in /Users/admin/PycharmProjects/metisV2.0/metis/Proposal/view.py:66]
2020-06-02 11:58:26,463 DEBUG: Success [in /Users/admin/PycharmProjects/metisV2.0/metis/Proposal/view.py:56]
2020-06-02 11:58:26,463 DEBUG: AddProposalInfo(dac_id='MD0000001', work_name='a', work_describe='b', work_expiry=1, work_excitation=-2) [in /Users/admin/PycharmProjects/metisV2.0/metis/Proposal/view.py:66]
2020-06-02 11:58:26,465 ERROR: ['describe uri invalidate', '激励数量不能小于0'] [in /Users/admin/PycharmProjects/metisV2.0/metis/Proposal/view.py:69]
2020-06-02 12:05:01,161 DEBUG: Success [in /Users/admin/PycharmProjects/metisV2.0/metis/Proposal/view.py:56]
2020-06-02 12:05:01,162 DEBUG: AddProposalInfo(dac_id='MD0000001', work_name='a', work_describe='http://www.baidu.com', work_expiry=1, work_excitation=-2) [in /Users/admin/PycharmProjects/metisV2.0/metis/Proposal/view.py:66]
2020-06-02 12:05:01,164 ERROR: ['激励数量不能小于0'] [in /Users/admin/PycharmProjects/metisV2.0/metis/Proposal/view.py:69]
2020-06-02 12:06:29,021 DEBUG: Success [in /Users/admin/PycharmProjects/metisV2.0/metis/Proposal/view.py:56]
2020-06-02 12:06:29,022 DEBUG: AddProposalInfo(dac_id='MD0000001', work_name='a', work_describe='b', work_expiry=1, work_excitation=1) [in /Users/admin/PycharmProjects/metisV2.0/metis/Proposal/view.py:66]
2020-06-02 12:06:29,024 ERROR: ['describe uri invalidate'] [in /Users/admin/PycharmProjects/metisV2.0/metis/Proposal/view.py:69]
2020-06-02 12:06:31,075 DEBUG: Success [in /Users/admin/PycharmProjects/metisV2.0/metis/Proposal/view.py:56]
2020-06-02 12:06:31,075 DEBUG: AddProposalInfo(dac_id='MD0000001', work_name='a', work_describe='b', work_expiry=1, work_excitation=1) [in /Users/admin/PycharmProjects/metisV2.0/metis/Proposal/view.py:66]
2020-06-02 12:06:31,077 ERROR: ['describe uri invalidate'] [in /Users/admin/PycharmProjects/metisV2.0/metis/Proposal/view.py:69]
2020-06-02 12:07:02,676 DEBUG: Success [in /Users/admin/PycharmProjects/metisV2.0/metis/Proposal/view.py:56]
2020-06-02 12:07:02,677 DEBUG: AddProposalInfo(dac_id='MD0000001', work_name='a', work_describe='b', work_expiry=1, work_excitation=1) [in /Users/admin/PycharmProjects/metisV2.0/metis/Proposal/view.py:66]
2020-06-02 12:07:02,679 ERROR: ['工作描述wiki不正确'] [in /Users/admin/PycharmProjects/metisV2.0/metis/Proposal/view.py:69]
2020-06-02 12:07:27,119 DEBUG: Success [in /Users/admin/PycharmProjects/metisV2.0/metis/Proposal/view.py:56]
2020-06-02 12:07:27,119 DEBUG: AddProposalInfo(dac_id='MD0000001', work_name='a', work_describe='b', work_expiry=1, work_excitation=1) [in /Users/admin/PycharmProjects/metisV2.0/metis/Proposal/view.py:66]
2020-06-02 12:07:27,121 ERROR: ['描述wiki url格式错误'] [in /Users/admin/PycharmProjects/metisV2.0/metis/Proposal/view.py:69]
2020-06-02 12:07:41,731 DEBUG: Success [in /Users/admin/PycharmProjects/metisV2.0/metis/Proposal/view.py:56]
2020-06-02 12:07:41,731 DEBUG: AddProposalInfo(dac_id='MD0000001', work_name='a', work_describe='b', work_expiry=1, work_excitation=1) [in /Users/admin/PycharmProjects/metisV2.0/metis/Proposal/view.py:66]
2020-06-02 12:07:41,733 ERROR: ['描述wiki url格式错误'] [in /Users/admin/PycharmProjects/metisV2.0/metis/Proposal/view.py:69]
2020-06-02 12:09:20,381 DEBUG: Success [in /Users/admin/PycharmProjects/metisV2.0/metis/Proposal/view.py:56]
2020-06-02 12:09:20,381 DEBUG: AddProposalInfo(dac_id='MD0000001', work_name='a', work_describe='http://www.baidu.com', work_expiry=1, work_excitation=1) [in /Users/admin/PycharmProjects/metisV2.0/metis/Proposal/view.py:66]
2020-06-02 12:11:03,699 DEBUG: Success [in /Users/admin/PycharmProjects/metisV2.0/metis/Proposal/view.py:56]
2020-06-02 12:11:03,699 DEBUG: AddProposalInfo(dac_id='MD0000001', work_name='a', work_describe='http://www.baidu.com', work_expiry=1, work_excitation=1) [in /Users/admin/PycharmProjects/metisV2.0/metis/Proposal/view.py:66]
2020-06-02 12:11:15,762 DEBUG: Success [in /Users/admin/PycharmProjects/metisV2.0/metis/Proposal/view.py:56]
2020-06-02 12:11:15,763 DEBUG: AddProposalInfo(dac_id='MD0000001', work_name='a', work_describe='http://www.baidu.com', work_expiry=1, work_excitation=1) [in /Users/admin/PycharmProjects/metisV2.0/metis/Proposal/view.py:66]
2020-06-02 12:11:25,641 DEBUG: Success [in /Users/admin/PycharmProjects/metisV2.0/metis/Proposal/view.py:56]
2020-06-02 12:11:25,642 DEBUG: AddProposalInfo(dac_id='MD0000001', work_name='a', work_describe='b', work_expiry=1, work_excitation=1) [in /Users/admin/PycharmProjects/metisV2.0/metis/Proposal/view.py:66]
2020-06-02 12:11:25,644 ERROR: ['描述wiki url格式错误'] [in /Users/admin/PycharmProjects/metisV2.0/metis/Proposal/view.py:69]
2020-06-02 12:11:33,427 DEBUG: Success [in /Users/admin/PycharmProjects/metisV2.0/metis/Proposal/view.py:56]
2020-06-02 12:11:33,427 DEBUG: AddProposalInfo(dac_id='MD0000001', work_name='a', work_describe='www.baidu.com', work_expiry=1, work_excitation=1) [in /Users/admin/PycharmProjects/metisV2.0/metis/Proposal/view.py:66]
2020-06-02 12:11:33,429 ERROR: ['描述wiki url格式错误'] [in /Users/admin/PycharmProjects/metisV2.0/metis/Proposal/view.py:69]
2020-06-02 12:11:40,576 DEBUG: Success [in /Users/admin/PycharmProjects/metisV2.0/metis/Proposal/view.py:56]
2020-06-02 12:11:40,576 DEBUG: AddProposalInfo(dac_id='MD0000001', work_name='a', work_describe='http://www.baidu.com', work_expiry=1, work_excitation=1) [in /Users/admin/PycharmProjects/metisV2.0/metis/Proposal/view.py:66]
2020-06-02 12:13:36,652 DEBUG: Success [in /Users/admin/PycharmProjects/metisV2.0/metis/Proposal/view.py:56]
2020-06-02 12:13:36,653 DEBUG: AddProposalInfo(dac_id='MD0000001', work_name='test1', work_describe='http://www.baidu.com', work_expiry=12, work_excitation=1) [in /Users/admin/PycharmProjects/metisV2.0/metis/Proposal/view.py:66]
2020-06-02 12:13:59,946 DEBUG: Success [in /Users/admin/PycharmProjects/metisV2.0/metis/Proposal/view.py:56]
2020-06-02 12:13:59,946 DEBUG: AddProposalInfo(dac_id='MD0000001', work_name='test1', work_describe='http://www.baidu.com', work_expiry=1, work_excitation=1) [in /Users/admin/PycharmProjects/metisV2.0/metis/Proposal/view.py:66]
2020-06-02 12:21:03,891 DEBUG: Success [in /Users/admin/PycharmProjects/metisV2.0/metis/Proposal/view.py:56]
2020-06-02 12:21:03,892 DEBUG: AddProposalInfo(dac_id='MD0000001', work_name='test1', work_describe='http://www.baidu.com', work_expiry=1, work_excitation=1, publisher_uid='MU0000001') [in /Users/admin/PycharmProjects/metisV2.0/metis/Proposal/view.py:67]
2020-06-02 12:21:28,685 DEBUG: Success [in /Users/admin/PycharmProjects/metisV2.0/metis/Proposal/view.py:56]
2020-06-02 12:21:28,685 DEBUG: AddProposalInfo(dac_id='MD0000001', work_name='test1', work_describe='http://www.baidu.com', work_expiry=1, work_excitation=1, publisher_uid='MU0000001') [in /Users/admin/PycharmProjects/metisV2.0/metis/Proposal/view.py:67]
2020-06-02 15:51:34,782 DEBUG: Success [in /Users/admin/PycharmProjects/metisV2.0/metis/Proposal/view.py:57]
2020-06-02 15:51:34,783 DEBUG: AddProposalInfo(dac_id='MD0000001', work_name='test1', work_describe='http://wiki.metis.apple-store-signature.com/index.php/test1', work_expiry=1, work_excitation=1, publisher_uid='MU0000001') [in /Users/admin/PycharmProjects/metisV2.0/metis/Proposal/view.py:68]
2020-06-02 15:52:14,586 DEBUG: Success [in /Users/admin/PycharmProjects/metisV2.0/metis/Proposal/view.py:57]
2020-06-02 15:52:14,587 DEBUG: AddProposalInfo(dac_id='MD0000001', work_name='test1', work_describe='http://wiki.metis.apple-store-signature.com/index.php/test1', work_expiry=1, work_excitation=333, publisher_uid='MU0000001') [in /Users/admin/PycharmProjects/metisV2.0/metis/Proposal/view.py:68]
2020-06-02 15:52:55,467 DEBUG: Success [in /Users/admin/PycharmProjects/metisV2.0/metis/Proposal/view.py:57]
2020-06-02 15:52:55,467 DEBUG: AddProposalInfo(dac_id='MD0000001', work_name='test1', work_describe='http://wiki.metis.apple-store-signature.com/index.php/test1', work_expiry=1, work_excitation=221, publisher_uid='MU0000001') [in /Users/admin/PycharmProjects/metisV2.0/metis/Proposal/view.py:68]
2020-06-02 17:02:53,525 DEBUG: Success [in /Users/admin/PycharmProjects/metisV2.0/metis/Proposal/view.py:57]
2020-06-02 17:02:53,526 DEBUG: AddProposalInfo(dac_id='MD0000002', work_name='user2', work_describe='http://wiki.metis.apple-store-signature.com/index.php/user2', work_expiry=11, work_excitation=1111, publisher_uid='MU0000002') [in /Users/admin/PycharmProjects/metisV2.0/metis/Proposal/view.py:68]
2020-06-02 17:03:04,042 DEBUG: Success [in /Users/admin/PycharmProjects/metisV2.0/metis/Proposal/view.py:57]
2020-06-02 17:03:04,042 DEBUG: AddProposalInfo(dac_id='MD0000002', work_name='user2', work_describe='http://wiki.metis.apple-store-signature.com/index.php/user2', work_expiry=11, work_excitation=1111, publisher_uid='MU0000002') [in /Users/admin/PycharmProjects/metisV2.0/metis/Proposal/view.py:68]
2020-06-04 09:36:30,813 DEBUG: Success [in /Users/admin/PycharmProjects/metisV2.0/metis/Proposal/view.py:58]
2020-06-04 09:36:53,231 DEBUG: Success [in /Users/admin/PycharmProjects/metisV2.0/metis/Proposal/view.py:58]
2020-06-04 09:36:53,232 DEBUG: AddProposalInfo(dac_id='MD0000001', work_name='test1', work_describe='http://wiki.metis.apple-store-signature.com/index.php/test1', work_expiry=1, work_excitation=1, publisher_uid='MU0000001') [in /Users/admin/PycharmProjects/metisV2.0/metis/Proposal/view.py:69]
2020-06-04 09:39:32,484 DEBUG: Success [in /Users/admin/PycharmProjects/metisV2.0/metis/Proposal/view.py:58]
2020-06-04 09:39:32,485 DEBUG: AddProposalInfo(dac_id='MD0000001', work_name='test1', work_describe='http://wiki.metis.apple-store-signature.com/index.php/test1', work_expiry=1, work_excitation=1, publisher_uid='MU0000001') [in /Users/admin/PycharmProjects/metisV2.0/metis/Proposal/view.py:69]
2020-06-04 09:39:32,519 ERROR: taskList add error [in /Users/admin/PycharmProjects/metisV2.0/metis/Proposal/view.py:75]
2020-06-04 09:40:49,825 DEBUG: Success [in /Users/admin/PycharmProjects/metisV2.0/metis/Proposal/view.py:58]
2020-06-04 09:40:49,826 DEBUG: AddProposalInfo(dac_id='MD0000001', work_name='test1', work_describe='http://wiki.metis.apple-store-signature.com/index.php/test1', work_expiry=1, work_excitation=1, publisher_uid='MU0000001') [in /Users/admin/PycharmProjects/metisV2.0/metis/Proposal/view.py:69]
2020-06-04 09:40:49,832 ERROR: ['该工作名已存在'] [in /Users/admin/PycharmProjects/metisV2.0/metis/Proposal/view.py:72]
2020-06-04 09:41:03,799 DEBUG: Success [in /Users/admin/PycharmProjects/metisV2.0/metis/Proposal/view.py:58]
2020-06-04 09:41:03,799 DEBUG: AddProposalInfo(dac_id='MD0000001', work_name='test3', work_describe='http://wiki.metis.apple-store-signature.com/index.php/test3', work_expiry=1, work_excitation=1, publisher_uid='MU0000001') [in /Users/admin/PycharmProjects/metisV2.0/metis/Proposal/view.py:69]
2020-06-04 09:41:03,836 ERROR: 提交工作到区块链异常 [in /Users/admin/PycharmProjects/metisV2.0/metis/Proposal/view.py:75]
2020-06-04 09:58:56,718 DEBUG: Success [in /Users/admin/PycharmProjects/metisV2.0/metis/Proposal/view.py:58]
2020-06-04 09:58:56,719 DEBUG: AddProposalInfo(dac_id='MD0000001', work_name='test1', work_describe='http://wiki.metis.apple-store-signature.com/index.php/test1', work_expiry=1, work_excitation=11, publisher_uid='MU0000001') [in /Users/admin/PycharmProjects/metisV2.0/metis/Proposal/view.py:69]
2020-06-04 10:02:54,521 DEBUG: Success [in /Users/admin/PycharmProjects/metisV2.0/metis/Proposal/view.py:58]
2020-06-04 10:02:54,523 DEBUG: AddProposalInfo(dac_id='MD0000001', work_name='test1', work_describe='http://wiki.metis.apple-store-signature.com/index.php/test1', work_expiry=1, work_excitation=221, publisher_uid='MU0000001') [in /Users/admin/PycharmProjects/metisV2.0/metis/Proposal/view.py:69]
2020-06-04 11:53:14,776 ERROR: ['该工作无效', '权限不足'] [in /Users/admin/PycharmProjects/metisV2.0/metis/Proposal/view.py:168]
2020-06-04 11:54:01,605 ERROR: ['该工作无效', '权限不足'] [in /Users/admin/PycharmProjects/metisV2.0/metis/Proposal/view.py:168]
2020-06-04 11:54:42,359 ERROR: ['权限不足'] [in /Users/admin/PycharmProjects/metisV2.0/metis/Proposal/view.py:168]
2020-06-04 16:05:04,898 DEBUG: ImmutableMultiDict([('status', '0')]) [in /Users/admin/PycharmProjects/metisV2.0/metis/Proposal/view.py:55]
2020-06-04 16:05:07,549 DEBUG: ImmutableMultiDict([('status', '0')]) [in /Users/admin/PycharmProjects/metisV2.0/metis/Proposal/view.py:55]
2020-06-04 16:05:13,243 DEBUG: ImmutableMultiDict([('status', '1')]) [in /Users/admin/PycharmProjects/metisV2.0/metis/Proposal/view.py:55]
2020-06-04 16:05:14,931 DEBUG: ImmutableMultiDict([('status', '2')]) [in /Users/admin/PycharmProjects/metisV2.0/metis/Proposal/view.py:55]
2020-06-04 16:05:16,524 DEBUG: ImmutableMultiDict([('status', '3')]) [in /Users/admin/PycharmProjects/metisV2.0/metis/Proposal/view.py:55]
2020-06-05 11:03:03,924 DEBUG: 2 [in /Users/admin/PycharmProjects/metisV2.0/metis/Proposal/service/first_promise.py:75]
2020-06-05 11:10:08,217 DEBUG: ['http://wiki.metis.apple-store-signature.com/index.php/test1', 1591235937, 1, 1, 0, '0xc35a9C8B5ECBBe597b2f6587b02B998F87cfF920', '0x0000000000000000000000000000000000000000', '', 1] [in /Users/admin/PycharmProjects/metisV2.0/metis/Proposal/service/first_promise.py:76]
2020-06-05 11:10:08,246 DEBUG: ['http://wiki.metis.apple-store-signature.com/index.php/test1', 1591236174, 1, 1, 0, '0xc35a9C8B5ECBBe597b2f6587b02B998F87cfF920', '0x0000000000000000000000000000000000000000', '', 1] [in /Users/admin/PycharmProjects/metisV2.0/metis/Proposal/service/first_promise.py:76]
2020-06-05 11:32:59,279 DEBUG: ['http://wiki.metis.apple-store-signature.com/index.php/test1', 1591327979, 2, 1, 0, '0xc35a9C8B5ECBBe597b2f6587b02B998F87cfF920', '0xE6EC23A8CbbEB0610bE7ECE0d0e19029888277ce', '', 1] [in /Users/admin/PycharmProjects/metisV2.0/metis/Proposal/service/first_promise.py:79]
2020-06-05 11:32:59,303 DEBUG: ['http://wiki.metis.apple-store-signature.com/index.php/test1', 1591236174, 1, 1, 0, '0xc35a9C8B5ECBBe597b2f6587b02B998F87cfF920', '0x0000000000000000000000000000000000000000', '', 1] [in /Users/admin/PycharmProjects/metisV2.0/metis/Proposal/service/first_promise.py:79]
2020-06-05 17:13:25,346 DEBUG: [{'work_id': 'MW0000001', 'work_name': 'test5', 'work_ctime': datetime.datetime(2020, 6, 5, 14, 50, 12), 'work_status': 0, 'status_cls': 'badge-info', 'work_excitation': 2, 'work_describe': 'http://wiki.metis.apple-store-signature.com/index.php/test5', 'is_active': True, 'status_describe': '未开始', 'is_promise': False, 'work_publisher': 'MU0000001', 'work_participants': None}, {'work_id': 'MW0000002', 'work_name': 'test6', 'work_ctime': datetime.datetime(2020, 6, 5, 14, 50, 25), 'work_status': 1, 'status_cls': 'badge-danger', 'work_excitation': 3, 'work_describe': 'http://wiki.metis.apple-store-signature.com/index.php/test6', 'is_active': True, 'status_describe': '进行中', 'is_promise': False, 'work_publisher': 'MU0000001', 'work_participants': 'MU0000002'}, {'work_id': 'MW0000003', 'work_name': 'test4', 'work_ctime': datetime.datetime(2020, 6, 5, 14, 50, 38), 'work_status': 1, 'status_cls': 'badge-danger', 'work_excitation': 11, 'work_describe': 'http://wiki.metis.apple-store-signature.com/index.php/test4', 'is_active': True, 'status_describe': '进行中', 'is_promise': False, 'work_publisher': 'MU0000001', 'work_participants': 'MU0000002'}] [in /Users/admin/PycharmProjects/metisV2.0/metis/Proposal/view.py:232]
2020-06-05 17:15:00,248 DEBUG: [{'work_id': 'MW0000001', 'work_name': 'test5', 'work_ctime': datetime.datetime(2020, 6, 5, 14, 50, 12), 'work_status': 0, 'status_cls': 'badge-info', 'work_excitation': 2, 'work_describe': 'http://wiki.metis.apple-store-signature.com/index.php/test5', 'is_active': True, 'status_describe': '未开始', 'is_promise': False, 'work_publisher': 'MU0000001', 'work_participants': None}, {'work_id': 'MW0000002', 'work_name': 'test6', 'work_ctime': datetime.datetime(2020, 6, 5, 14, 50, 25), 'work_status': 1, 'status_cls': 'badge-danger', 'work_excitation': 3, 'work_describe': 'http://wiki.metis.apple-store-signature.com/index.php/test6', 'is_active': True, 'status_describe': '进行中', 'is_promise': False, 'work_publisher': 'MU0000001', 'work_participants': 'MU0000002'}, {'work_id': 'MW0000003', 'work_name': 'test4', 'work_ctime': datetime.datetime(2020, 6, 5, 14, 50, 38), 'work_status': 1, 'status_cls': 'badge-danger', 'work_excitation': 11, 'work_describe': 'http://wiki.metis.apple-store-signature.com/index.php/test4', 'is_active': True, 'status_describe': '进行中', 'is_promise': False, 'work_publisher': 'MU0000001', 'work_participants': 'MU0000002'}] [in /Users/admin/PycharmProjects/metisV2.0/metis/Proposal/view.py:232]
2020-06-05 17:15:04,253 DEBUG: [{'work_id': 'MW0000001', 'work_name': 'test5', 'work_ctime': datetime.datetime(2020, 6, 5, 14, 50, 12), 'work_status': 0, 'status_cls': 'badge-info', 'work_excitation': 2, 'work_describe': 'http://wiki.metis.apple-store-signature.com/index.php/test5', 'is_active': True, 'status_describe': '未开始', 'is_promise': False, 'work_publisher': 'MU0000001', 'work_participants': None}, {'work_id': 'MW0000002', 'work_name': 'test6', 'work_ctime': datetime.datetime(2020, 6, 5, 14, 50, 25), 'work_status': 1, 'status_cls': 'badge-danger', 'work_excitation': 3, 'work_describe': 'http://wiki.metis.apple-store-signature.com/index.php/test6', 'is_active': True, 'status_describe': '进行中', 'is_promise': True, 'work_publisher': 'MU0000001', 'work_participants': 'MU0000002'}, {'work_id': 'MW0000003', 'work_name': 'test4', 'work_ctime': datetime.datetime(2020, 6, 5, 14, 50, 38), 'work_status': 1, 'status_cls': 'badge-danger', 'work_excitation': 11, 'work_describe': 'http://wiki.metis.apple-store-signature.com/index.php/test4', 'is_active': True, 'status_describe': '进行中', 'is_promise': True, 'work_publisher': 'MU0000001', 'work_participants': 'MU0000002'}] [in /Users/admin/PycharmProjects/metisV2.0/metis/Proposal/view.py:232]
2020-06-09 17:12:42,246 DEBUG: [{'work_id': 'MW0000001', 'work_name': 'test1', 'work_ctime': datetime.datetime(2020, 6, 5, 21, 35, 56), 'work_status': 0, 'status_cls': 'badge-info', 'work_excitation': 221, 'work_describe': 'http://wiki.metis.apple-store-signature.com/index.php/test1', 'is_active': True, 'status_describe': '未开始', 'is_promise': False, 'work_publisher': 'MU0000001', 'work_participants': None}, {'work_id': 'MW0000002', 'work_name': 'test2', 'work_ctime': datetime.datetime(2020, 6, 5, 21, 37, 15), 'work_status': 1, 'status_cls': 'badge-danger', 'work_excitation': 221, 'work_describe': 'http://wiki.metis.apple-store-signature.com/index.php/test2', 'is_active': True, 'status_describe': '进行中', 'is_promise': False, 'work_publisher': 'MU0000001', 'work_participants': 'MU0000002'}] [in /Users/admin/PycharmProjects/metisV2.0/metis/Proposal/view.py:232]
2020-06-09 17:13:29,162 DEBUG: [{'work_id': 'MW0000001', 'work_name': 'test1', 'work_ctime': datetime.datetime(2020, 6, 5, 21, 35, 56), 'work_status': 0, 'status_cls': 'badge-info', 'work_excitation': 221, 'work_describe': 'http://wiki.metis.apple-store-signature.com/index.php/test1', 'is_active': True, 'status_describe': '未开始', 'is_promise': False, 'work_publisher': 'MU0000001', 'work_participants': None}, {'work_id': 'MW0000002', 'work_name': 'test2', 'work_ctime': datetime.datetime(2020, 6, 5, 21, 37, 15), 'work_status': 1, 'status_cls': 'badge-danger', 'work_excitation': 221, 'work_describe': 'http://wiki.metis.apple-store-signature.com/index.php/test2', 'is_active': True, 'status_describe': '进行中', 'is_promise': False, 'work_publisher': 'MU0000001', 'work_participants': 'MU0000002'}] [in /Users/admin/PycharmProjects/metisV2.0/metis/Proposal/view.py:232]
2020-06-09 17:13:37,722 DEBUG: [{'work_id': 'MW0000001', 'work_name': 'test1', 'work_ctime': datetime.datetime(2020, 6, 5, 21, 35, 56), 'work_status': 0, 'status_cls': 'badge-info', 'work_excitation': 221, 'work_describe': 'http://wiki.metis.apple-store-signature.com/index.php/test1', 'is_active': True, 'status_describe': '未开始', 'is_promise': False, 'work_publisher': 'MU0000001', 'work_participants': None}, {'work_id': 'MW0000002', 'work_name': 'test2', 'work_ctime': datetime.datetime(2020, 6, 5, 21, 37, 15), 'work_status': 1, 'status_cls': 'badge-danger', 'work_excitation': 221, 'work_describe': 'http://wiki.metis.apple-store-signature.com/index.php/test2', 'is_active': True, 'status_describe': '进行中', 'is_promise': False, 'work_publisher': 'MU0000001', 'work_participants': 'MU0000002'}] [in /Users/admin/PycharmProjects/metisV2.0/metis/Proposal/view.py:232]
2020-06-09 17:13:39,562 DEBUG: [{'work_id': 'MW0000001', 'work_name': 'test1', 'work_ctime': datetime.datetime(2020, 6, 5, 21, 35, 56), 'work_status': 0, 'status_cls': 'badge-info', 'work_excitation': 221, 'work_describe': 'http://wiki.metis.apple-store-signature.com/index.php/test1', 'is_active': True, 'status_describe': '未开始', 'is_promise': False, 'work_publisher': 'MU0000001', 'work_participants': None}, {'work_id': 'MW0000002', 'work_name': 'test2', 'work_ctime': datetime.datetime(2020, 6, 5, 21, 37, 15), 'work_status': 1, 'status_cls': 'badge-danger', 'work_excitation': 221, 'work_describe': 'http://wiki.metis.apple-store-signature.com/index.php/test2', 'is_active': True, 'status_describe': '进行中', 'is_promise': False, 'work_publisher': 'MU0000001', 'work_participants': 'MU0000002'}] [in /Users/admin/PycharmProjects/metisV2.0/metis/Proposal/view.py:232]
2020-06-09 17:13:40,297 DEBUG: [{'work_id': 'MW0000001', 'work_name': 'test1', 'work_ctime': datetime.datetime(2020, 6, 5, 21, 35, 56), 'work_status': 0, 'status_cls': 'badge-info', 'work_excitation': 221, 'work_describe': 'http://wiki.metis.apple-store-signature.com/index.php/test1', 'is_active': True, 'status_describe': '未开始', 'is_promise': False, 'work_publisher': 'MU0000001', 'work_participants': None}, {'work_id': 'MW0000002', 'work_name': 'test2', 'work_ctime': datetime.datetime(2020, 6, 5, 21, 37, 15), 'work_status': 1, 'status_cls': 'badge-danger', 'work_excitation': 221, 'work_describe': 'http://wiki.metis.apple-store-signature.com/index.php/test2', 'is_active': True, 'status_describe': '进行中', 'is_promise': False, 'work_publisher': 'MU0000001', 'work_participants': 'MU0000002'}] [in /Users/admin/PycharmProjects/metisV2.0/metis/Proposal/view.py:232]
2020-06-09 17:33:24,578 DEBUG: [{'work_id': 'MW0000002', 'work_ctime': datetime.datetime(2020, 6, 5, 21, 37, 15), 'work_name': 'test2', 'work_status': 1, 'work_participants': 'MU0000002', 'work_describe': 'http://wiki.metis.apple-store-signature.com/index.php/test2', 'work_publisher': 'MU0000001', 'publisher_promise': True}, {'work_id': 'MW0000001', 'work_ctime': datetime.datetime(2020, 6, 5, 21, 35, 56), 'work_name': 'test1', 'work_status': 0, 'work_participants': None, 'work_describe': 'http://wiki.metis.apple-store-signature.com/index.php/test1', 'work_publisher': 'MU0000001', 'publisher_promise': False}] [in /Users/admin/PycharmProjects/metisV2.0/metis/Proposal/view.py:80]
2020-06-09 17:35:16,999 DEBUG: [{'work_id': 'MW0000002', 'work_ctime': datetime.datetime(2020, 6, 5, 21, 37, 15), 'work_name': 'test2', 'work_status': 1, 'work_participants': 'MU0000002', 'work_describe': 'http://wiki.metis.apple-store-signature.com/index.php/test2', 'work_publisher': 'MU0000001', 'publisher_promise': True}, {'work_id': 'MW0000001', 'work_ctime': datetime.datetime(2020, 6, 5, 21, 35, 56), 'work_name': 'test1', 'work_status': 0, 'work_participants': None, 'work_describe': 'http://wiki.metis.apple-store-signature.com/index.php/test1', 'work_publisher': 'MU0000001', 'publisher_promise': False}] [in /Users/admin/PycharmProjects/metisV2.0/metis/Proposal/view.py:80]
2020-06-09 17:35:18,321 DEBUG: [{'work_id': 'MW0000002', 'work_ctime': datetime.datetime(2020, 6, 5, 21, 37, 15), 'work_name': 'test2', 'work_status': 1, 'work_participants': 'MU0000002', 'work_describe': 'http://wiki.metis.apple-store-signature.com/index.php/test2', 'work_publisher': 'MU0000001', 'publisher_promise': True}, {'work_id': 'MW0000001', 'work_ctime': datetime.datetime(2020, 6, 5, 21, 35, 56), 'work_name': 'test1', 'work_status': 0, 'work_participants': None, 'work_describe': 'http://wiki.metis.apple-store-signature.com/index.php/test1', 'work_publisher': 'MU0000001', 'publisher_promise': False}] [in /Users/admin/PycharmProjects/metisV2.0/metis/Proposal/view.py:80]
2020-06-09 17:35:19,039 DEBUG: [{'work_id': 'MW0000002', 'work_ctime': datetime.datetime(2020, 6, 5, 21, 37, 15), 'work_name': 'test2', 'work_status': 1, 'work_participants': 'MU0000002', 'work_describe': 'http://wiki.metis.apple-store-signature.com/index.php/test2', 'work_publisher': 'MU0000001', 'publisher_promise': True}, {'work_id': 'MW0000001', 'work_ctime': datetime.datetime(2020, 6, 5, 21, 35, 56), 'work_name': 'test1', 'work_status': 0, 'work_participants': None, 'work_describe': 'http://wiki.metis.apple-store-signature.com/index.php/test1', 'work_publisher': 'MU0000001', 'publisher_promise': False}] [in /Users/admin/PycharmProjects/metisV2.0/metis/Proposal/view.py:80]
2020-06-09 17:35:19,645 DEBUG: [{'work_id': 'MW0000002', 'work_ctime': datetime.datetime(2020, 6, 5, 21, 37, 15), 'work_name': 'test2', 'work_status': 1, 'work_participants': 'MU0000002', 'work_describe': 'http://wiki.metis.apple-store-signature.com/index.php/test2', 'work_publisher': 'MU0000001', 'publisher_promise': True}, {'work_id': 'MW0000001', 'work_ctime': datetime.datetime(2020, 6, 5, 21, 35, 56), 'work_name': 'test1', 'work_status': 0, 'work_participants': None, 'work_describe': 'http://wiki.metis.apple-store-signature.com/index.php/test1', 'work_publisher': 'MU0000001', 'publisher_promise': False}] [in /Users/admin/PycharmProjects/metisV2.0/metis/Proposal/view.py:80]
2020-06-09 17:35:20,161 DEBUG: [{'work_id': 'MW0000002', 'work_ctime': datetime.datetime(2020, 6, 5, 21, 37, 15), 'work_name': 'test2', 'work_status': 1, 'work_participants': 'MU0000002', 'work_describe': 'http://wiki.metis.apple-store-signature.com/index.php/test2', 'work_publisher': 'MU0000001', 'publisher_promise': True}, {'work_id': 'MW0000001', 'work_ctime': datetime.datetime(2020, 6, 5, 21, 35, 56), 'work_name': 'test1', 'work_status': 0, 'work_participants': None, 'work_describe': 'http://wiki.metis.apple-store-signature.com/index.php/test1', 'work_publisher': 'MU0000001', 'publisher_promise': False}] [in /Users/admin/PycharmProjects/metisV2.0/metis/Proposal/view.py:80]
2020-06-09 17:35:31,986 DEBUG: [{'work_id': 'MW0000002', 'work_ctime': datetime.datetime(2020, 6, 5, 21, 37, 15), 'work_name': 'test2', 'work_status': 1, 'work_participants': 'MU0000002', 'work_describe': 'http://wiki.metis.apple-store-signature.com/index.php/test2', 'work_publisher': 'MU0000001', 'publisher_promise': False}, {'work_id': 'MW0000001', 'work_ctime': datetime.datetime(2020, 6, 5, 21, 35, 56), 'work_name': 'test1', 'work_status': 0, 'work_participants': None, 'work_describe': 'http://wiki.metis.apple-store-signature.com/index.php/test1', 'work_publisher': 'MU0000001', 'publisher_promise': False}] [in /Users/admin/PycharmProjects/metisV2.0/metis/Proposal/view.py:80]
2020-06-09 17:35:32,957 DEBUG: [{'work_id': 'MW0000002', 'work_ctime': datetime.datetime(2020, 6, 5, 21, 37, 15), 'work_name': 'test2', 'work_status': 1, 'work_participants': 'MU0000002', 'work_describe': 'http://wiki.metis.apple-store-signature.com/index.php/test2', 'work_publisher': 'MU0000001', 'publisher_promise': False}, {'work_id': 'MW0000001', 'work_ctime': datetime.datetime(2020, 6, 5, 21, 35, 56), 'work_name': 'test1', 'work_status': 0, 'work_participants': None, 'work_describe': 'http://wiki.metis.apple-store-signature.com/index.php/test1', 'work_publisher': 'MU0000001', 'publisher_promise': False}] [in /Users/admin/PycharmProjects/metisV2.0/metis/Proposal/view.py:80]
2020-06-09 17:35:33,624 DEBUG: [{'work_id': 'MW0000002', 'work_ctime': datetime.datetime(2020, 6, 5, 21, 37, 15), 'work_name': 'test2', 'work_status': 1, 'work_participants': 'MU0000002', 'work_describe': 'http://wiki.metis.apple-store-signature.com/index.php/test2', 'work_publisher': 'MU0000001', 'publisher_promise': False}, {'work_id': 'MW0000001', 'work_ctime': datetime.datetime(2020, 6, 5, 21, 35, 56), 'work_name': 'test1', 'work_status': 0, 'work_participants': None, 'work_describe': 'http://wiki.metis.apple-store-signature.com/index.php/test1', 'work_publisher': 'MU0000001', 'publisher_promise': False}] [in /Users/admin/PycharmProjects/metisV2.0/metis/Proposal/view.py:80]
2020-06-09 17:35:34,156 DEBUG: [{'work_id': 'MW0000002', 'work_ctime': datetime.datetime(2020, 6, 5, 21, 37, 15), 'work_name': 'test2', 'work_status': 1, 'work_participants': 'MU0000002', 'work_describe': 'http://wiki.metis.apple-store-signature.com/index.php/test2', 'work_publisher': 'MU0000001', 'publisher_promise': False}, {'work_id': 'MW0000001', 'work_ctime': datetime.datetime(2020, 6, 5, 21, 35, 56), 'work_name': 'test1', 'work_status': 0, 'work_participants': None, 'work_describe': 'http://wiki.metis.apple-store-signature.com/index.php/test1', 'work_publisher': 'MU0000001', 'publisher_promise': False}] [in /Users/admin/PycharmProjects/metisV2.0/metis/Proposal/view.py:80]
2020-06-09 17:35:34,557 DEBUG: [{'work_id': 'MW0000002', 'work_ctime': datetime.datetime(2020, 6, 5, 21, 37, 15), 'work_name': 'test2', 'work_status': 1, 'work_participants': 'MU0000002', 'work_describe': 'http://wiki.metis.apple-store-signature.com/index.php/test2', 'work_publisher': 'MU0000001', 'publisher_promise': False}, {'work_id': 'MW0000001', 'work_ctime': datetime.datetime(2020, 6, 5, 21, 35, 56), 'work_name': 'test1', 'work_status': 0, 'work_participants': None, 'work_describe': 'http://wiki.metis.apple-store-signature.com/index.php/test1', 'work_publisher': 'MU0000001', 'publisher_promise': False}] [in /Users/admin/PycharmProjects/metisV2.0/metis/Proposal/view.py:80]
2020-06-09 17:35:35,150 DEBUG: [{'work_id': 'MW0000002', 'work_ctime': datetime.datetime(2020, 6, 5, 21, 37, 15), 'work_name': 'test2', 'work_status': 1, 'work_participants': 'MU0000002', 'work_describe': 'http://wiki.metis.apple-store-signature.com/index.php/test2', 'work_publisher': 'MU0000001', 'publisher_promise': False}, {'work_id': 'MW0000001', 'work_ctime': datetime.datetime(2020, 6, 5, 21, 35, 56), 'work_name': 'test1', 'work_status': 0, 'work_participants': None, 'work_describe': 'http://wiki.metis.apple-store-signature.com/index.php/test1', 'work_publisher': 'MU0000001', 'publisher_promise': False}] [in /Users/admin/PycharmProjects/metisV2.0/metis/Proposal/view.py:80]
2020-06-09 17:35:37,677 DEBUG: [{'work_id': 'MW0000002', 'work_ctime': datetime.datetime(2020, 6, 5, 21, 37, 15), 'work_name': 'test2', 'work_status': 1, 'work_participants': 'MU0000002', 'work_describe': 'http://wiki.metis.apple-store-signature.com/index.php/test2', 'work_publisher': 'MU0000001', 'publisher_promise': False}, {'work_id': 'MW0000001', 'work_ctime': datetime.datetime(2020, 6, 5, 21, 35, 56), 'work_name': 'test1', 'work_status': 0, 'work_participants': None, 'work_describe': 'http://wiki.metis.apple-store-signature.com/index.php/test1', 'work_publisher': 'MU0000001', 'publisher_promise': False}] [in /Users/admin/PycharmProjects/metisV2.0/metis/Proposal/view.py:80]
2020-06-09 17:37:01,458 DEBUG: [{'work_id': 'MW0000002', 'work_ctime': datetime.datetime(2020, 6, 5, 21, 37, 15), 'work_name': 'test2', 'work_status': 1, 'work_participants': 'MU0000002', 'work_describe': 'http://wiki.metis.apple-store-signature.com/index.php/test2', 'work_publisher': 'MU0000001', 'publisher_promise': False}, {'work_id': 'MW0000001', 'work_ctime': datetime.datetime(2020, 6, 5, 21, 35, 56), 'work_name': 'test1', 'work_status': 0, 'work_participants': None, 'work_describe': 'http://wiki.metis.apple-store-signature.com/index.php/test1', 'work_publisher': 'MU0000001', 'publisher_promise': False}] [in /Users/admin/PycharmProjects/metisV2.0/metis/Proposal/view.py:80]
2020-06-09 17:37:18,854 DEBUG: [{'work_id': 'MW0000002', 'work_ctime': datetime.datetime(2020, 6, 5, 21, 37, 15), 'work_name': 'test2', 'work_status': 1, 'work_participants': 'MU0000002', 'work_describe': 'http://wiki.metis.apple-store-signature.com/index.php/test2', 'work_publisher': 'MU0000001', 'publisher_promise': False}, {'work_id': 'MW0000001', 'work_ctime': datetime.datetime(2020, 6, 5, 21, 35, 56), 'work_name': 'test1', 'work_status': 0, 'work_participants': None, 'work_describe': 'http://wiki.metis.apple-store-signature.com/index.php/test1', 'work_publisher': 'MU0000001', 'publisher_promise': False}] [in /Users/admin/PycharmProjects/metisV2.0/metis/Proposal/view.py:80]
2020-06-09 17:37:35,686 DEBUG: [{'work_id': 'MW0000002', 'work_ctime': datetime.datetime(2020, 6, 5, 21, 37, 15), 'work_name': 'test2', 'work_status': 1, 'work_participants': 'MU0000002', 'work_describe': 'http://wiki.metis.apple-store-signature.com/index.php/test2', 'work_publisher': 'MU0000001', 'publisher_promise': False}, {'work_id': 'MW0000001', 'work_ctime': datetime.datetime(2020, 6, 5, 21, 35, 56), 'work_name': 'test1', 'work_status': 0, 'work_participants': None, 'work_describe': 'http://wiki.metis.apple-store-signature.com/index.php/test1', 'work_publisher': 'MU0000001', 'publisher_promise': False}] [in /Users/admin/PycharmProjects/metisV2.0/metis/Proposal/view.py:80]
2020-06-09 17:37:39,923 DEBUG: [{'work_id': 'MW0000001', 'work_ctime': datetime.datetime(2020, 6, 5, 21, 35, 56), 'work_name': 'test1', 'work_status': 0, 'work_participants': None, 'work_describe': 'http://wiki.metis.apple-store-signature.com/index.php/test1', 'work_publisher': 'MU0000001', 'publisher_promise': False}] [in /Users/admin/PycharmProjects/metisV2.0/metis/Proposal/view.py:89]
2020-06-09 17:37:40,785 DEBUG: [{'work_id': 'MW0000002', 'work_ctime': datetime.datetime(2020, 6, 5, 21, 37, 15), 'work_name': 'test2', 'work_status': 1, 'work_participants': 'MU0000002', 'work_describe': 'http://wiki.metis.apple-store-signature.com/index.php/test2', 'work_publisher': 'MU0000001', 'publisher_promise': False}] [in /Users/admin/PycharmProjects/metisV2.0/metis/Proposal/view.py:89]
2020-06-09 17:37:44,687 DEBUG: [{'work_id': 'MW0000001', 'work_name': 'test1', 'work_ctime': datetime.datetime(2020, 6, 5, 21, 35, 56), 'work_status': 0, 'status_cls': 'badge-info', 'work_excitation': 221, 'work_describe': 'http://wiki.metis.apple-store-signature.com/index.php/test1', 'is_active': True, 'status_describe': '未开始', 'is_promise': False, 'work_publisher': 'MU0000001', 'work_participants': None}, {'work_id': 'MW0000002', 'work_name': 'test2', 'work_ctime': datetime.datetime(2020, 6, 5, 21, 37, 15), 'work_status': 1, 'status_cls': 'badge-danger', 'work_excitation': 221, 'work_describe': 'http://wiki.metis.apple-store-signature.com/index.php/test2', 'is_active': True, 'status_describe': '进行中', 'is_promise': False, 'work_publisher': 'MU0000001', 'work_participants': 'MU0000002'}] [in /Users/admin/PycharmProjects/metisV2.0/metis/Proposal/view.py:235]
2020-06-09 17:38:11,176 DEBUG: [{'work_id': 'MW0000002', 'work_ctime': datetime.datetime(2020, 6, 5, 21, 37, 15), 'work_name': 'test2', 'work_status': 1, 'work_participants': 'MU0000002', 'work_describe': 'http://wiki.metis.apple-store-signature.com/index.php/test2', 'work_publisher': 'MU0000001', 'publisher_promise': False}, {'work_id': 'MW0000001', 'work_ctime': datetime.datetime(2020, 6, 5, 21, 35, 56), 'work_name': 'test1', 'work_status': 0, 'work_participants': None, 'work_describe': 'http://wiki.metis.apple-store-signature.com/index.php/test1', 'work_publisher': 'MU0000001', 'publisher_promise': False}] [in /Users/admin/PycharmProjects/metisV2.0/metis/Proposal/view.py:80]
2020-06-09 17:38:51,810 DEBUG: [{'work_id': 'MW0000002', 'work_ctime': datetime.datetime(2020, 6, 5, 21, 37, 15), 'work_name': 'test2', 'work_status': 1, 'work_participants': 'MU0000002', 'work_describe': 'http://wiki.metis.apple-store-signature.com/index.php/test2', 'work_publisher': 'MU0000001', 'publisher_promise': False}, {'work_id': 'MW0000001', 'work_ctime': datetime.datetime(2020, 6, 5, 21, 35, 56), 'work_name': 'test1', 'work_status': 0, 'work_participants': None, 'work_describe': 'http://wiki.metis.apple-store-signature.com/index.php/test1', 'work_publisher': 'MU0000001', 'publisher_promise': False}] [in /Users/admin/PycharmProjects/metisV2.0/metis/Proposal/view.py:80]
2020-06-09 17:38:55,272 DEBUG: [{'work_id': 'MW0000002', 'work_ctime': datetime.datetime(2020, 6, 5, 21, 37, 15), 'work_name': 'test2', 'work_status': 1, 'work_participants': 'MU0000002', 'work_describe': 'http://wiki.metis.apple-store-signature.com/index.php/test2', 'work_publisher': 'MU0000001', 'publisher_promise': False}, {'work_id': 'MW0000001', 'work_ctime': datetime.datetime(2020, 6, 5, 21, 35, 56), 'work_name': 'test1', 'work_status': 0, 'work_participants': None, 'work_describe': 'http://wiki.metis.apple-store-signature.com/index.php/test1', 'work_publisher': 'MU0000001', 'publisher_promise': False}] [in /Users/admin/PycharmProjects/metisV2.0/metis/Proposal/view.py:80]
2020-06-09 17:38:58,885 DEBUG: [{'work_id': 'MW0000002', 'work_ctime': datetime.datetime(2020, 6, 5, 21, 37, 15), 'work_name': 'test2', 'work_status': 1, 'work_participants': 'MU0000002', 'work_describe': 'http://wiki.metis.apple-store-signature.com/index.php/test2', 'work_publisher': 'MU0000001', 'publisher_promise': False}, {'work_id': 'MW0000001', 'work_ctime': datetime.datetime(2020, 6, 5, 21, 35, 56), 'work_name': 'test1', 'work_status': 0, 'work_participants': None, 'work_describe': 'http://wiki.metis.apple-store-signature.com/index.php/test1', 'work_publisher': 'MU0000001', 'publisher_promise': False}] [in /Users/admin/PycharmProjects/metisV2.0/metis/Proposal/view.py:80]
2020-06-09 17:39:08,490 DEBUG: [{'work_id': 'MW0000002', 'work_ctime': datetime.datetime(2020, 6, 5, 21, 37, 15), 'work_name': 'test2', 'work_status': 1, 'work_participants': 'MU0000002', 'work_describe': 'http://wiki.metis.apple-store-signature.com/index.php/test2', 'work_publisher': 'MU0000001', 'publisher_promise': False}, {'work_id': 'MW0000001', 'work_ctime': datetime.datetime(2020, 6, 5, 21, 35, 56), 'work_name': 'test1', 'work_status': 0, 'work_participants': None, 'work_describe': 'http://wiki.metis.apple-store-signature.com/index.php/test1', 'work_publisher': 'MU0000001', 'publisher_promise': False}] [in /Users/admin/PycharmProjects/metisV2.0/metis/Proposal/view.py:80]
2020-06-09 17:51:16,011 DEBUG: [{'work_id': 'MW0000002', 'work_name': 'test2', 'work_ctime': datetime.datetime(2020, 6, 5, 21, 37, 15), 'work_status': 1, 'publisher_promise': False}] [in /Users/admin/PycharmProjects/metisV2.0/metis/Proposal/view.py:323]
2020-06-09 17:51:35,424 DEBUG: [{'work_id': 'MW0000002', 'work_name': 'test2', 'work_ctime': datetime.datetime(2020, 6, 5, 21, 37, 15), 'work_status': 1, 'publisher_promise': False}] [in /Users/admin/PycharmProjects/metisV2.0/metis/Proposal/view.py:323]
2020-06-09 17:51:38,702 DEBUG: [{'work_id': 'MW0000002', 'work_name': 'test2', 'work_ctime': datetime.datetime(2020, 6, 5, 21, 37, 15), 'work_status': 1, 'publisher_promise': False}] [in /Users/admin/PycharmProjects/metisV2.0/metis/Proposal/view.py:323]
2020-06-09 17:51:39,978 DEBUG: [{'work_id': 'MW0000002', 'work_name': 'test2', 'work_ctime': datetime.datetime(2020, 6, 5, 21, 37, 15), 'work_status': 1, 'publisher_promise': False}] [in /Users/admin/PycharmProjects/metisV2.0/metis/Proposal/view.py:323]
2020-06-09 17:51:41,117 DEBUG: [{'work_id': 'MW0000002', 'work_name': 'test2', 'work_ctime': datetime.datetime(2020, 6, 5, 21, 37, 15), 'work_status': 1, 'publisher_promise': False}] [in /Users/admin/PycharmProjects/metisV2.0/metis/Proposal/view.py:323]
2020-06-11 19:46:46,768 DEBUG: fdsa



1

22323

2





21312312

 [in /Users/admin/PycharmProjects/metisV2.0/metis/Proposal/view.py:502]
2020-06-19 12:17:24,387 ERROR: ['账户不存在'] [in ./metis/Account/view.py:85]
2020-06-19 12:17:46,470 ERROR: ['账户不存在'] [in ./metis/Account/view.py:85]
2020-06-19 12:17:48,698 ERROR: ['账户不存在'] [in ./metis/Account/view.py:85]
2020-06-22 10:33:51,088 ERROR: Eth地址不足 [in ./metis/Account/view.py:52]
2020-06-22 10:33:53,512 ERROR: Eth地址不足 [in ./metis/Account/view.py:52]
2020-06-22 10:36:45,683 ERROR: Eth地址不足 [in ./metis/Account/view.py:52]
2020-06-22 10:36:48,121 ERROR: Eth地址不足 [in ./metis/Account/view.py:52]
2020-07-07 12:05:23,673 ERROR: 提交工作到区块链异常 [in ./metis/Proposal/view.py:170]
2020-07-07 15:05:35,059 ERROR: ['余额不足'] [in ./metis/Proposal/view.py:284]
2020-07-07 15:06:46,171 ERROR: ['余额不足'] [in ./metis/Proposal/view.py:284]
2020-07-07 15:08:31,096 ERROR: ['余额不足'] [in ./metis/Proposal/view.py:284]
2020-07-07 15:09:43,733 ERROR: ['余额不足'] [in ./metis/Proposal/view.py:284]
2020-07-07 15:09:47,392 ERROR: ['余额不足'] [in ./metis/Proposal/view.py:284]
2020-07-07 15:10:04,498 ERROR: ['余额不足'] [in ./metis/Proposal/view.py:284]
2020-07-07 15:11:07,150 ERROR: ['余额不足'] [in ./metis/Proposal/view.py:284]
2020-07-07 15:15:10,685 ERROR: ['余额不足'] [in ./metis/Proposal/view.py:290]
2020-07-07 15:16:49,192 ERROR: ['余额不足'] [in ./metis/Proposal/view.py:290]
2020-07-07 15:20:51,576 ERROR: ['余额不足'] [in ./metis/Proposal/view.py:290]
2020-07-07 15:24:53,880 ERROR: ['余额不足'] [in ./metis/Proposal/view.py:284]
2020-07-07 15:29:12,122 ERROR: ['余额不足'] [in ./metis/Proposal/view.py:284]
2020-07-07 17:57:23,196 ERROR: ['余额不足'] [in ./metis/Proposal/view.py:378]
2020-07-09 15:52:15,511 ERROR: eth error [in ./metis/Proposal/view.py:431]
2020-07-09 15:52:44,416 ERROR: eth error [in ./metis/Proposal/view.py:431]
2020-07-09 16:19:32,372 ERROR: eth error [in ./metis/Proposal/view.py:432]
2020-07-09 16:57:53,058 ERROR: Eth Error [in ./metis/Proposal/view.py:387]
2020-07-09 17:01:40,006 ERROR: Eth Error [in ./metis/Proposal/view.py:387]
2020-07-09 17:01:46,186 ERROR: Eth Error [in ./metis/Proposal/view.py:387]
2020-07-09 17:02:20,820 ERROR: Eth Error [in ./metis/Proposal/view.py:387]
2020-07-10 13:16:04,307 ERROR: ['邮箱地址已被注册'] [in ./metis/Account/view.py:52]
2020-07-10 14:53:33,438 ERROR: ['该工作无效'] [in ./metis/Proposal/view.py:553]
2020-07-10 14:57:37,074 ERROR: ['该工作无效'] [in ./metis/Proposal/view.py:553]
2020-07-10 19:22:22,154 ERROR: ['余额不足'] [in ./metis/Proposal/view.py:393]
2020-07-12 18:07:06,926 ERROR: ['余额不足'] [in ./metis/Proposal/view.py:297]
2020-07-12 18:13:18,630 ERROR: Eth Error [in ./metis/Proposal/view.py:399]
2020-07-13 10:20:30,972 ERROR: ['该工作名已存在'] [in ./metis/Proposal/view.py:171]
2020-07-15 17:56:49,431 ERROR: Eth Error [in ./metis/Proposal/view.py:410]
2020-07-16 22:13:51,194 ERROR: ['余额不足'] [in ./metis/Proposal/view.py:410]
2020-07-17 15:09:52,480 ERROR: ['余额不足'] [in ./metis/Proposal/view.py:410]
2020-07-17 15:11:29,250 ERROR: ['余额不足'] [in ./metis/Proposal/view.py:410]
2020-07-17 15:21:24,669 ERROR: ['余额不足'] [in ./metis/Proposal/view.py:405]
2020-07-17 15:23:00,843 ERROR: ['余额不足'] [in ./metis/Proposal/view.py:406]
2020-07-17 15:24:44,205 ERROR: ['余额不足'] [in ./metis/Proposal/view.py:404]
2020-07-29 13:31:55,297 ERROR: ['账号或密码错误'] [in ./metis/Account/view.py:85]
2020-07-29 13:32:31,292 ERROR: 账户余额不足 [in ./metis/Knowledge/view.py:142]
2020-07-29 13:33:15,804 ERROR: 账户余额不足 [in ./metis/Knowledge/view.py:142]
2020-07-30 10:48:30,423 ERROR: 账户余额不足 [in ./metis/Knowledge/view.py:108]
2020-08-14 12:18:17,167 ERROR: ['账号或密码错误'] [in ./metis/Account/view.py:85]
2020-08-15 11:48:49,570 ERROR: (pymysql.err.InternalError) (1054, "Unknown column 'transfer_from' in 'field list'")
[SQL: INSERT INTO metis_transfer_info (transfer_from, transfer_to, transfer_hash, status, amount, ctime, utime) VALUES (%(transfer_from)s, %(transfer_to)s, %(transfer_hash)s, %(status)s, %(amount)s, %(ctime)s, %(utime)s)]
[parameters: {'transfer_from': '0x610Bb1573d1046FCb8A70Bbbd395754cD57C2b60', 'transfer_to': '0x1dF62f291b2E969fB0849d99D9Ce41e2F137006e', 'transfer_hash': '0xb1d8203af3c36fedc4c6116e5688566597527fd45553a3eccec28b58c2f4c885', 'status': 1, 'amount': 100000000000000000000, 'ctime': datetime.datetime(2020, 8, 15, 11, 48, 49, 528279), 'utime': datetime.datetime(2020, 8, 15, 11, 48, 49, 528295)}]
(Background on this error at: http://sqlalche.me/e/2j85) [in ./metis/Proposal/model.py:178]
2020-08-15 11:52:27,250 ERROR: (pymysql.err.InternalError) (1054, "Unknown column 'transfer_from' in 'field list'")
[SQL: INSERT INTO metis_transfer_info (transfer_from, transfer_to, transfer_hash, status, amount, ctime, utime) VALUES (%(transfer_from)s, %(transfer_to)s, %(transfer_hash)s, %(status)s, %(amount)s, %(ctime)s, %(utime)s)]
[parameters: {'transfer_from': '0x610Bb1573d1046FCb8A70Bbbd395754cD57C2b60', 'transfer_to': '0x1dF62f291b2E969fB0849d99D9Ce41e2F137006e', 'transfer_hash': '0xd43804ab459c9333862158f6a622ed29786b1edf4ffe950a3858d2be6a84ea76', 'status': 1, 'amount': 10000000000000000000, 'ctime': datetime.datetime(2020, 8, 15, 11, 52, 27, 237021), 'utime': datetime.datetime(2020, 8, 15, 11, 52, 27, 237039)}]
(Background on this error at: http://sqlalche.me/e/2j85) [in ./metis/Proposal/model.py:178]
2020-08-15 11:56:07,910 ERROR: (pymysql.err.DataError) (1264, "Out of range value for column 'amount' at row 1")
[SQL: INSERT INTO metis_transfer_info (transfer_from, transfer_to, transfer_hash, status, amount, ctime, utime) VALUES (%(transfer_from)s, %(transfer_to)s, %(transfer_hash)s, %(status)s, %(amount)s, %(ctime)s, %(utime)s)]
[parameters: {'transfer_from': '0x610Bb1573d1046FCb8A70Bbbd395754cD57C2b60', 'transfer_to': '0x1dF62f291b2E969fB0849d99D9Ce41e2F137006e', 'transfer_hash': '0xb6b3d23f9d2ea3c776957fb79c2da8424192711aba1be9760c266d948f117f82', 'status': 1, 'amount': 10000000000000000000, 'ctime': datetime.datetime(2020, 8, 15, 11, 56, 7, 906444), 'utime': datetime.datetime(2020, 8, 15, 11, 56, 7, 906461)}]
(Background on this error at: http://sqlalche.me/e/9h9h) [in ./metis/Proposal/model.py:178]
2020-08-17 10:57:21,266 ERROR: ['账户不存在'] [in ./metis/Account/view.py:87]
2020-08-17 16:20:34,269 ERROR: ['余额不足'] [in ./metis/Proposal/view.py:408]
2020-08-17 21:58:24,299 ERROR: ['账户不存在'] [in ./metis/Account/view.py:87]
2020-08-18 10:01:28,171 ERROR: Eth Error [in ./metis/Proposal/view.py:414]
2020-08-18 10:02:49,556 ERROR: Eth Error [in ./metis/Proposal/view.py:414]
2020-08-18 10:06:24,719 ERROR: 从区块链获取任务异常 [in ./metis/Proposal/view.py:414]
2020-08-18 10:06:24,719 ERROR: Eth Error [in ./metis/Proposal/view.py:415]
2020-08-18 10:10:50,748 ERROR: ['账号或密码错误'] [in ./metis/Account/view.py:87]
2020-08-18 15:52:20,915 ERROR: Could not persistence dac [in ./metis/Home/view.py:155]
2020-08-18 15:52:24,352 ERROR: Could not persistence dac [in ./metis/Home/view.py:155]
2020-08-18 15:52:51,283 ERROR: Could not persistence dac [in ./metis/Home/view.py:155]
2020-08-18 15:52:51,744 ERROR: Could not persistence dac [in ./metis/Home/view.py:155]
2020-08-18 15:52:51,914 ERROR: Could not persistence dac [in ./metis/Home/view.py:155]
2020-08-18 15:52:52,102 ERROR: Could not persistence dac [in ./metis/Home/view.py:155]
2020-08-18 15:52:52,285 ERROR: Could not persistence dac [in ./metis/Home/view.py:155]
2020-08-18 15:52:52,481 ERROR: Could not persistence dac [in ./metis/Home/view.py:155]
2020-08-18 15:52:52,648 ERROR: Could not persistence dac [in ./metis/Home/view.py:155]
2020-08-18 15:53:45,084 ERROR: Could not persistence dac [in ./metis/Home/view.py:155]
2020-08-18 15:57:04,750 ERROR: Could not persistence dac [in ./metis/Home/view.py:155]
2020-08-18 19:18:16,277 ERROR: ['邮箱地址已被注册'] [in ./metis/Account/view.py:51]
2020-08-20 11:34:10,743 ERROR: ['该工作无效'] [in ./metis/Proposal/view.py:580]
2020-08-20 11:34:34,961 ERROR: ['该工作无效'] [in ./metis/Proposal/view.py:580]
2020-08-20 11:35:08,426 ERROR: ['该工作无效'] [in ./metis/Proposal/view.py:580]
2020-08-20 11:38:39,406 ERROR: ['该工作无效'] [in ./metis/Proposal/view.py:583]
2020-08-20 11:39:58,396 ERROR: ['该工作无效'] [in ./metis/Proposal/view.py:583]
2020-08-20 11:40:43,919 ERROR: ['该工作无效'] [in ./metis/Proposal/view.py:583]
2020-08-24 00:22:17,806 ERROR: Could not persistence to db [in ./metis/Home/view.py:191]
2020-08-24 00:22:19,777 ERROR: Could not persistence to db [in ./metis/Home/view.py:191]
2020-08-24 00:22:28,485 ERROR: Could not persistence to db [in ./metis/Home/view.py:191]
2020-08-24 00:22:52,715 ERROR: Could not persistence to db [in ./metis/Home/view.py:191]
2020-08-24 00:25:04,234 ERROR: Could not persistence to db [in ./metis/Home/view.py:191]
2020-08-24 00:25:06,004 ERROR: Could not persistence to db [in ./metis/Home/view.py:191]
2020-08-24 00:25:37,356 ERROR: Could not persistence to db [in ./metis/Home/view.py:191]
2020-08-24 00:27:52,607 ERROR: Could not persistence to db [in ./metis/Home/view.py:191]
2020-08-24 00:28:10,787 ERROR: Could not persistence to db [in ./metis/Home/view.py:191]
2020-08-24 00:28:18,476 ERROR: Could not persistence to db [in ./metis/Home/view.py:191]
2020-08-24 00:29:01,461 ERROR: ['账号或密码错误'] [in ./metis/Account/view.py:86]
2020-08-24 00:29:07,174 ERROR: ['账号或密码错误'] [in ./metis/Account/view.py:86]
2020-08-24 00:29:18,011 ERROR: ['账号或密码错误'] [in ./metis/Account/view.py:86]
2020-08-24 08:00:44,307 ERROR: Could not persistence to db [in ./metis/Home/view.py:191]
2020-08-26 10:58:47,340 ERROR: ['邮箱地址已被注册'] [in ./metis/Account/view.py:51]
2020-08-26 12:18:00,145 ERROR: ['邮箱格式错误'] [in ./metis/Account/view.py:51]
2020-08-26 12:51:14,005 ERROR: Eth地址不足 [in ./metis/Account/view.py:51]
2020-08-26 17:22:39,059 ERROR: 从区块链获取任务异常
Could not identify the intended function with name `takeTask`, positional argument(s) of type `(<class 'str'>, <class 'NoneType'>)` and keyword argument(s) of type `{}`.
Found 1 function(s) with the name `takeTask`: ['takeTask(address,uint256)']
Function invocation failed due to no matching argument types. [in ./metis/Proposal/view.py:415]
2020-08-26 17:22:39,059 ERROR: Eth Error [in ./metis/Proposal/view.py:416]
2020-08-26 23:05:16,502 ERROR: ['账户不存在'] [in ./metis/Account/view.py:86]
2020-08-26 23:06:11,273 ERROR: ['邮箱地址已被注册'] [in ./metis/Account/view.py:51]
2020-08-26 23:16:04,214 ERROR: (pymysql.err.DataError) (1406, "Data too long for column 'work_describe' at row 1")
[SQL: UPDATE metis_work_info SET work_describe=%(work_describe)s, utime=%(utime)s WHERE metis_work_info.id = %(metis_work_info_id)s]
[parameters: {'work_describe': '<span style="font-size: 14.4px;">目的：寻找跑酷爱好者</span><div style="margin: 0px; padding: 0px; font-size: 14.4px;">目标：新增100名成员</div><div style="margin: 0px ... (63 characters truncated) ... le="margin: 0px; padding: 0px; font-size: 14.4px;">时间：2020年9月30日</div><div style="margin: 0px; padding: 0px; font-size: 14.4px;">激励：100 M Token</div>', 'utime': datetime.datetime(2020, 8, 26, 23, 16, 4, 202911), 'metis_work_info_id': 13}]
(Background on this error at: http://sqlalche.me/e/9h9h) [in ./metis/Proposal/model.py:141]
2020-08-26 23:16:10,353 ERROR: (pymysql.err.DataError) (1406, "Data too long for column 'work_describe' at row 1")
[SQL: UPDATE metis_work_info SET work_describe=%(work_describe)s, utime=%(utime)s WHERE metis_work_info.id = %(metis_work_info_id)s]
[parameters: {'work_describe': '<span style="font-size: 14.4px;">目的：寻找跑酷爱好者</span><div style="margin: 0px; padding: 0px; font-size: 14.4px;">目标：新增100名成员</div><div style="margin: 0px ... (63 characters truncated) ... le="margin: 0px; padding: 0px; font-size: 14.4px;">时间：2020年9月30日</div><div style="margin: 0px; padding: 0px; font-size: 14.4px;">激励：100 M Token</div>', 'utime': datetime.datetime(2020, 8, 26, 23, 16, 10, 348001), 'metis_work_info_id': 13}]
(Background on this error at: http://sqlalche.me/e/9h9h) [in ./metis/Proposal/model.py:141]
2020-08-26 23:16:14,990 ERROR: (pymysql.err.DataError) (1406, "Data too long for column 'work_describe' at row 1")
[SQL: UPDATE metis_work_info SET work_describe=%(work_describe)s, utime=%(utime)s WHERE metis_work_info.id = %(metis_work_info_id)s]
[parameters: {'work_describe': '<span style="font-size: 14.4px;">目的：寻找跑酷爱好者</span><div style="margin: 0px; padding: 0px; font-size: 14.4px;">目标：新增100名成员</div><div style="margin: 0px ... (63 characters truncated) ... le="margin: 0px; padding: 0px; font-size: 14.4px;">时间：2020年9月30日</div><div style="margin: 0px; padding: 0px; font-size: 14.4px;">激励：100 M Token</div>', 'utime': datetime.datetime(2020, 8, 26, 23, 16, 14, 987947), 'metis_work_info_id': 13}]
(Background on this error at: http://sqlalche.me/e/9h9h) [in ./metis/Proposal/model.py:141]
2020-08-26 23:16:15,418 ERROR: (pymysql.err.DataError) (1406, "Data too long for column 'work_describe' at row 1")
[SQL: UPDATE metis_work_info SET work_describe=%(work_describe)s, utime=%(utime)s WHERE metis_work_info.id = %(metis_work_info_id)s]
[parameters: {'work_describe': '<span style="font-size: 14.4px;">目的：寻找跑酷爱好者</span><div style="margin: 0px; padding: 0px; font-size: 14.4px;">目标：新增100名成员</div><div style="margin: 0px ... (63 characters truncated) ... le="margin: 0px; padding: 0px; font-size: 14.4px;">时间：2020年9月30日</div><div style="margin: 0px; padding: 0px; font-size: 14.4px;">激励：100 M Token</div>', 'utime': datetime.datetime(2020, 8, 26, 23, 16, 15, 414442), 'metis_work_info_id': 13}]
(Background on this error at: http://sqlalche.me/e/9h9h) [in ./metis/Proposal/model.py:141]
2020-08-26 23:16:39,504 ERROR: (pymysql.err.DataError) (1406, "Data too long for column 'work_describe' at row 1")
[SQL: UPDATE metis_work_info SET work_describe=%(work_describe)s, utime=%(utime)s WHERE metis_work_info.id = %(metis_work_info_id)s]
[parameters: {'work_describe': '<span style="font-size: 14.4px;">目的：寻找跑酷爱好者</span><div style="margin: 0px; padding: 0px; font-size: 14.4px;">目标：新增100名成员</div><div style="margin: 0px ... (63 characters truncated) ... le="margin: 0px; padding: 0px; font-size: 14.4px;">时间：2020年9月30日</div><div style="margin: 0px; padding: 0px; font-size: 14.4px;">激励：100 M Token</div>', 'utime': datetime.datetime(2020, 8, 26, 23, 16, 39, 502931), 'metis_work_info_id': 13}]
(Background on this error at: http://sqlalche.me/e/9h9h) [in ./metis/Proposal/model.py:141]
2020-08-26 23:17:52,763 ERROR: (pymysql.err.DataError) (1406, "Data too long for column 'work_describe' at row 1")
[SQL: UPDATE metis_work_info SET work_describe=%(work_describe)s, utime=%(utime)s WHERE metis_work_info.id = %(metis_work_info_id)s]
[parameters: {'work_describe': '<span style="font-size: 14.4px;">目的：寻找跑酷爱好者</span><div style="margin: 0px; padding: 0px; font-size: 14.4px;">目标：新增100名成员</div><div style="margin: 0px ... (63 characters truncated) ... le="margin: 0px; padding: 0px; font-size: 14.4px;">时间：2020年9月30日</div><div style="margin: 0px; padding: 0px; font-size: 14.4px;">激励：100 M Token</div>', 'utime': datetime.datetime(2020, 8, 26, 23, 17, 52, 757772), 'metis_work_info_id': 13}]
(Background on this error at: http://sqlalche.me/e/9h9h) [in ./metis/Proposal/model.py:141]
2020-08-26 23:19:25,110 ERROR: (pymysql.err.DataError) (1406, "Data too long for column 'work_describe' at row 1")
[SQL: UPDATE metis_work_info SET work_describe=%(work_describe)s, utime=%(utime)s WHERE metis_work_info.id = %(metis_work_info_id)s]
[parameters: {'work_describe': '<span style="font-size: 14.4px;">目的：寻找跑酷爱好者</span><div style="margin: 0px; padding: 0px; font-size: 14.4px;">目标：新增100名成员</div><div style="margin: 0px ... (63 characters truncated) ... le="margin: 0px; padding: 0px; font-size: 14.4px;">时间：2020年9月30日</div><div style="margin: 0px; padding: 0px; font-size: 14.4px;">激励：100 M Token</div>', 'utime': datetime.datetime(2020, 8, 26, 23, 19, 25, 104870), 'metis_work_info_id': 13}]
(Background on this error at: http://sqlalche.me/e/9h9h) [in ./metis/Proposal/model.py:141]
2020-08-26 23:19:48,760 ERROR: (pymysql.err.DataError) (1406, "Data too long for column 'work_describe' at row 1")
[SQL: UPDATE metis_work_info SET work_describe=%(work_describe)s, utime=%(utime)s WHERE metis_work_info.id = %(metis_work_info_id)s]
[parameters: {'work_describe': '<span style="font-size: 14.4px;">目的：寻找跑酷爱好者</span><div style="font-size: 14.4px; margin: 0px; padding: 0px;">目标：新增100名成员</div><div style="font-size:  ... (63 characters truncated) ... le="font-size: 14.4px; margin: 0px; padding: 0px;">时间：2020年9月30日</div><div style="font-size: 14.4px; margin: 0px; padding: 0px;">激励：100 M Token</div>', 'utime': datetime.datetime(2020, 8, 26, 23, 19, 48, 759010), 'metis_work_info_id': 13}]
(Background on this error at: http://sqlalche.me/e/9h9h) [in ./metis/Proposal/model.py:141]
2020-08-26 23:21:42,003 ERROR: ['该工作名已存在'] [in ./metis/Proposal/view.py:183]
2020-08-31 02:53:53,204 ERROR: ['账户不存在'] [in ./metis/Account/view.py:86]
2020-08-31 02:53:58,959 ERROR: ['账户不存在'] [in ./metis/Account/view.py:86]
2020-08-31 02:54:03,135 ERROR: ['邮箱格式错误', '账户不存在'] [in ./metis/Account/view.py:86]
2020-08-31 02:54:26,588 ERROR: ['邮箱地址已被注册'] [in ./metis/Account/view.py:51]
2020-08-31 02:55:26,111 ERROR: ['邮箱地址已被注册'] [in ./metis/Account/view.py:51]
2020-08-31 02:55:33,195 ERROR: ['邮箱地址已被注册'] [in ./metis/Account/view.py:51]
2020-08-31 02:56:30,183 ERROR: ['邮箱地址已被注册'] [in ./metis/Account/view.py:51]
2020-08-31 02:56:35,623 ERROR: ['邮箱地址已被注册'] [in ./metis/Account/view.py:51]
2020-08-31 02:56:36,511 ERROR: ['邮箱地址已被注册'] [in ./metis/Account/view.py:51]
2020-08-31 02:56:37,361 ERROR: ['邮箱地址已被注册'] [in ./metis/Account/view.py:51]
2020-08-31 03:16:49,472 ERROR: 从区块链获取任务异常
Could not identify the intended function with name `takeTask`, positional argument(s) of type `(<class 'str'>, <class 'NoneType'>)` and keyword argument(s) of type `{}`.
Found 1 function(s) with the name `takeTask`: ['takeTask(address,uint256)']
Function invocation failed due to no matching argument types. [in ./metis/Proposal/view.py:415]
2020-08-31 03:16:49,473 ERROR: Eth Error [in ./metis/Proposal/view.py:416]
2020-08-31 03:17:01,410 ERROR: 从区块链获取任务异常
Could not identify the intended function with name `takeTask`, positional argument(s) of type `(<class 'str'>, <class 'NoneType'>)` and keyword argument(s) of type `{}`.
Found 1 function(s) with the name `takeTask`: ['takeTask(address,uint256)']
Function invocation failed due to no matching argument types. [in ./metis/Proposal/view.py:415]
2020-08-31 03:17:01,413 ERROR: Eth Error [in ./metis/Proposal/view.py:416]
2020-08-31 03:19:59,260 ERROR: 从区块链获取任务异常
Could not identify the intended function with name `takeTask`, positional argument(s) of type `(<class 'str'>, <class 'NoneType'>)` and keyword argument(s) of type `{}`.
Found 1 function(s) with the name `takeTask`: ['takeTask(address,uint256)']
Function invocation failed due to no matching argument types. [in ./metis/Proposal/view.py:415]
2020-08-31 03:19:59,282 ERROR: Eth Error [in ./metis/Proposal/view.py:416]
2020-08-31 03:21:57,513 ERROR: 从区块链获取任务异常
Could not identify the intended function with name `takeTask`, positional argument(s) of type `(<class 'str'>, <class 'NoneType'>)` and keyword argument(s) of type `{}`.
Found 1 function(s) with the name `takeTask`: ['takeTask(address,uint256)']
Function invocation failed due to no matching argument types. [in ./metis/Proposal/view.py:415]
2020-08-31 03:21:57,513 ERROR: Eth Error [in ./metis/Proposal/view.py:416]
2020-08-31 03:45:54,642 ERROR: ['账户不存在'] [in ./metis/Account/view.py:86]
2020-08-31 03:45:58,900 ERROR: ['账户不存在'] [in ./metis/Account/view.py:86]
2020-08-31 03:52:34,148 ERROR: ['账号或密码错误'] [in ./metis/Account/view.py:86]
2020-08-31 03:52:41,374 ERROR: ['账号或密码错误'] [in ./metis/Account/view.py:86]
2020-08-31 21:08:19,144 ERROR: ['账号或密码错误'] [in ./metis/Account/view.py:86]
2020-09-08 09:19:51,471 ERROR: ['账号或密码错误'] [in ./metis/Account/view.py:86]
2020-09-10 00:37:58,032 ERROR: ['该工作名已存在'] [in ./metis/Proposal/view.py:183]
2020-09-10 00:38:08,806 ERROR: ['该工作名已存在'] [in ./metis/Proposal/view.py:183]
2020-09-10 00:38:18,125 ERROR: ['该工作名已存在'] [in ./metis/Proposal/view.py:183]
2020-09-17 20:26:57,812 ERROR: 提交工作到区块链异常 [in ./metis/Proposal/view.py:186]
2020-09-21 11:48:19,388 ERROR: Could not persistence to db [in ./metis/Home/view.py:194]
2020-09-21 11:52:59,998 ERROR: Could not persistence to db [in ./metis/Home/view.py:194]
2020-09-21 11:53:00,592 ERROR: Could not persistence to db [in ./metis/Home/view.py:194]
2020-09-21 11:56:27,387 ERROR: 从区块链获取任务异常
Could not identify the intended function with name `takeTask`, positional argument(s) of type `(<class 'str'>, <class 'NoneType'>)` and keyword argument(s) of type `{}`.
Found 1 function(s) with the name `takeTask`: ['takeTask(address,uint256)']
Function invocation failed due to no matching argument types. [in ./metis/Proposal/view.py:415]
2020-09-21 11:56:27,391 ERROR: Eth Error [in ./metis/Proposal/view.py:416]
2020-09-21 12:25:39,925 ERROR: 从区块链获取任务异常{'code': -32000, 'message': 'replacement transaction underpriced'} [in ./metis/Proposal/view.py:415]
2020-09-21 12:25:39,934 ERROR: Eth Error [in ./metis/Proposal/view.py:416]
2020-09-21 14:21:57,378 ERROR: ['账号或密码错误'] [in ./metis/Account/view.py:86]
2020-09-21 14:23:04,089 ERROR: Could not persistence to db [in ./metis/Home/view.py:194]
2020-09-21 14:23:23,465 ERROR: Could not persistence to db [in ./metis/Home/view.py:194]
2020-09-21 14:36:00,027 ERROR: 提交工作到区块链异常 [in ./metis/Proposal/view.py:186]
2020-09-21 14:36:06,148 ERROR: 提交工作到区块链异常 [in ./metis/Proposal/view.py:186]
2020-09-21 14:37:18,371 ERROR: ['账号或密码错误'] [in ./metis/Account/view.py:86]
2020-09-25 21:23:56,751 ERROR: Could not persistence to db [in ./metis/Home/view.py:194]
2020-09-25 21:23:57,478 ERROR: Could not persistence to db [in ./metis/Home/view.py:194]
2020-09-25 21:45:40,276 ERROR: Eth地址不足 [in ./metis/Account/view.py:51]
2020-09-25 21:45:54,314 ERROR: Eth地址不足 [in ./metis/Account/view.py:51]
2020-09-25 22:02:28,746 ERROR: ['账户不存在'] [in ./metis/Account/view.py:86]
2020-09-25 22:17:07,455 ERROR: ['账户不存在'] [in ./metis/Account/view.py:86]
2020-09-28 10:35:33,820 ERROR: 从区块链获取任务异常
Could not identify the intended function with name `takeTask`, positional argument(s) of type `(<class 'str'>, <class 'NoneType'>)` and keyword argument(s) of type `{}`.
Found 1 function(s) with the name `takeTask`: ['takeTask(address,uint256)']
Function invocation failed due to no matching argument types. [in ./metis/Proposal/view.py:415]
2020-09-28 10:35:33,830 ERROR: Eth Error [in ./metis/Proposal/view.py:416]
